Start testing: Jun 27 15:35 JST
----------------------------------------------------------
1/3 Testing: LinkedListCreate.CheckInitialCondition
1/3 Test: LinkedListCreate.CheckInitialCondition
Command: "/home/dknb/dev/exp/UnitTest/build/test/test_LinkedList" "--gtest_filter=LinkedListCreate.CheckInitialCondition" "--gtest_also_run_disabled_tests"
Directory: /home/dknb/dev/exp/UnitTest/build/test
"LinkedListCreate.CheckInitialCondition" start time: Jun 27 15:35 JST
Output:
----------------------------------------------------------
Running main() from /home/dknb/dev/exp/UnitTest/vendor/googletest/googletest/src/gtest_main.cc
Note: Google Test filter = LinkedListCreate.CheckInitialCondition
[==========] Running 1 test from 1 test suite.
[----------] Global test environment set-up.
[----------] 1 test from LinkedListCreate
[ RUN      ] LinkedListCreate.CheckInitialCondition
[       OK ] LinkedListCreate.CheckInitialCondition (0 ms)
[----------] 1 test from LinkedListCreate (0 ms total)

[----------] Global test environment tear-down
[==========] 1 test from 1 test suite ran. (0 ms total)
[  PASSED  ] 1 test.
<end of output>
Test time =   0.01 sec
----------------------------------------------------------
Test Passed.
"LinkedListCreate.CheckInitialCondition" end time: Jun 27 15:35 JST
"LinkedListCreate.CheckInitialCondition" time elapsed: 00:00:00
----------------------------------------------------------

2/3 Testing: LinkedListTest.Destruction
2/3 Test: LinkedListTest.Destruction
Command: "/home/dknb/dev/exp/UnitTest/build/test/test_LinkedList" "--gtest_filter=LinkedListTest.Destruction" "--gtest_also_run_disabled_tests"
Directory: /home/dknb/dev/exp/UnitTest/build/test
"LinkedListTest.Destruction" start time: Jun 27 15:35 JST
Output:
----------------------------------------------------------
Running main() from /home/dknb/dev/exp/UnitTest/vendor/googletest/googletest/src/gtest_main.cc
Note: Google Test filter = LinkedListTest.Destruction
[==========] Running 1 test from 1 test suite.
[----------] Global test environment set-up.
[----------] 1 test from LinkedListTest
[ RUN      ] LinkedListTest.Destruction
[       OK ] LinkedListTest.Destruction (1 ms)
[----------] 1 test from LinkedListTest (1 ms total)

[----------] Global test environment tear-down
[==========] 1 test from 1 test suite ran. (1 ms total)
[  PASSED  ] 1 test.
<end of output>
Test time =   0.00 sec
----------------------------------------------------------
Test Passed.
"LinkedListTest.Destruction" end time: Jun 27 15:35 JST
"LinkedListTest.Destruction" time elapsed: 00:00:00
----------------------------------------------------------

3/3 Testing: LinkedListTest.CheckValues
3/3 Test: LinkedListTest.CheckValues
Command: "/home/dknb/dev/exp/UnitTest/build/test/test_LinkedList" "--gtest_filter=LinkedListTest.CheckValues" "--gtest_also_run_disabled_tests"
Directory: /home/dknb/dev/exp/UnitTest/build/test
"LinkedListTest.CheckValues" start time: Jun 27 15:35 JST
Output:
----------------------------------------------------------
Running main() from /home/dknb/dev/exp/UnitTest/vendor/googletest/googletest/src/gtest_main.cc
Note: Google Test filter = LinkedListTest.CheckValues
[==========] Running 1 test from 1 test suite.
[----------] Global test environment set-up.
[----------] 1 test from LinkedListTest
[ RUN      ] LinkedListTest.CheckValues
[       OK ] LinkedListTest.CheckValues (0 ms)
[----------] 1 test from LinkedListTest (0 ms total)

[----------] Global test environment tear-down
[==========] 1 test from 1 test suite ran. (0 ms total)
[  PASSED  ] 1 test.
<end of output>
Test time =   0.00 sec
----------------------------------------------------------
Test Passed.
"LinkedListTest.CheckValues" end time: Jun 27 15:35 JST
"LinkedListTest.CheckValues" time elapsed: 00:00:00
----------------------------------------------------------

End testing: Jun 27 15:35 JST
